*** Installation started 2014/03/31 16:36 ***
Source: F:\Download\robotframework-2.8.4.win32.exe
999 Root Key: HKEY_LOCAL_MACHINE
020 Reg DB Key: [Software\Microsoft\Windows\CurrentVersion\Uninstall]robotframework-py2.7
040 Reg DB Value: [Software\Microsoft\Windows\CurrentVersion\Uninstall\robotframework-py2.7]DisplayName=Python 2.7 robotframework-2.8.4
040 Reg DB Value: [Software\Microsoft\Windows\CurrentVersion\Uninstall\robotframework-py2.7]UninstallString="C:\Python27\Removerobotframework.exe" -u "C:\Python27\robotframework-wininst.log"
200 File Copy: C:\Python27\Lib\site-packages\robotframework-2.8.4-py2.7.egg-info
100 Made Dir: C:\Python27\Lib\site-packages\robot
200 File Copy: C:\Python27\Lib\site-packages\robot\__init__.py
200 File Copy: C:\Python27\Lib\site-packages\robot\errors.py
200 File Copy: C:\Python27\Lib\site-packages\robot\jarrunner.py
200 File Copy: C:\Python27\Lib\site-packages\robot\jythonworkarounds.py
200 File Copy: C:\Python27\Lib\site-packages\robot\libdoc.py
200 File Copy: C:\Python27\Lib\site-packages\robot\pythonpathsetter.py
200 File Copy: C:\Python27\Lib\site-packages\robot\rebot.py
200 File Copy: C:\Python27\Lib\site-packages\robot\run.py
200 File Copy: C:\Python27\Lib\site-packages\robot\testdoc.py
200 File Copy: C:\Python27\Lib\site-packages\robot\tidy.py
200 File Copy: C:\Python27\Lib\site-packages\robot\version.py
100 Made Dir: C:\Python27\Lib\site-packages\robot\api
200 File Copy: C:\Python27\Lib\site-packages\robot\api\__init__.py
200 File Copy: C:\Python27\Lib\site-packages\robot\api\logger.py
100 Made Dir: C:\Python27\Lib\site-packages\robot\conf
200 File Copy: C:\Python27\Lib\site-packages\robot\conf\__init__.py
200 File Copy: C:\Python27\Lib\site-packages\robot\conf\gatherfailed.py
200 File Copy: C:\Python27\Lib\site-packages\robot\conf\settings.py
100 Made Dir: C:\Python27\Lib\site-packages\robot\htmldata
200 File Copy: C:\Python27\Lib\site-packages\robot\htmldata\__init__.py
200 File Copy: C:\Python27\Lib\site-packages\robot\htmldata\htmlfilewriter.py
200 File Copy: C:\Python27\Lib\site-packages\robot\htmldata\jartemplate.py
200 File Copy: C:\Python27\Lib\site-packages\robot\htmldata\jsonwriter.py
200 File Copy: C:\Python27\Lib\site-packages\robot\htmldata\normaltemplate.py
200 File Copy: C:\Python27\Lib\site-packages\robot\htmldata\template.py
100 Made Dir: C:\Python27\Lib\site-packages\robot\htmldata\common
200 File Copy: C:\Python27\Lib\site-packages\robot\htmldata\common\doc_formatting.css
200 File Copy: C:\Python27\Lib\site-packages\robot\htmldata\common\js_disabled.css
200 File Copy: C:\Python27\Lib\site-packages\robot\htmldata\common\storage.js
100 Made Dir: C:\Python27\Lib\site-packages\robot\htmldata\lib
200 File Copy: C:\Python27\Lib\site-packages\robot\htmldata\lib\jquery.min.js
200 File Copy: C:\Python27\Lib\site-packages\robot\htmldata\lib\jquery.tablesorter.min.js
200 File Copy: C:\Python27\Lib\site-packages\robot\htmldata\lib\jquery.tmpl.min.js
200 File Copy: C:\Python27\Lib\site-packages\robot\htmldata\lib\jsxcompressor.min.js
100 Made Dir: C:\Python27\Lib\site-packages\robot\htmldata\libdoc
200 File Copy: C:\Python27\Lib\site-packages\robot\htmldata\libdoc\libdoc.css
200 File Copy: C:\Python27\Lib\site-packages\robot\htmldata\libdoc\libdoc.html
200 File Copy: C:\Python27\Lib\site-packages\robot\htmldata\libdoc\print.css
100 Made Dir: C:\Python27\Lib\site-packages\robot\htmldata\rebot
200 File Copy: C:\Python27\Lib\site-packages\robot\htmldata\rebot\common.css
200 File Copy: C:\Python27\Lib\site-packages\robot\htmldata\rebot\fileloading.js
200 File Copy: C:\Python27\Lib\site-packages\robot\htmldata\rebot\log.css
200 File Copy: C:\Python27\Lib\site-packages\robot\htmldata\rebot\log.html
200 File Copy: C:\Python27\Lib\site-packages\robot\htmldata\rebot\log.js
200 File Copy: C:\Python27\Lib\site-packages\robot\htmldata\rebot\model.js
200 File Copy: C:\Python27\Lib\site-packages\robot\htmldata\rebot\print.css
200 File Copy: C:\Python27\Lib\site-packages\robot\htmldata\rebot\report.css
200 File Copy: C:\Python27\Lib\site-packages\robot\htmldata\rebot\report.html
200 File Copy: C:\Python27\Lib\site-packages\robot\htmldata\rebot\testdata.js
200 File Copy: C:\Python27\Lib\site-packages\robot\htmldata\rebot\util.js
200 File Copy: C:\Python27\Lib\site-packages\robot\htmldata\rebot\view.js
100 Made Dir: C:\Python27\Lib\site-packages\robot\htmldata\testdoc
200 File Copy: C:\Python27\Lib\site-packages\robot\htmldata\testdoc\testdoc.css
200 File Copy: C:\Python27\Lib\site-packages\robot\htmldata\testdoc\testdoc.html
100 Made Dir: C:\Python27\Lib\site-packages\robot\libdocpkg
200 File Copy: C:\Python27\Lib\site-packages\robot\libdocpkg\__init__.py
200 File Copy: C:\Python27\Lib\site-packages\robot\libdocpkg\builder.py
200 File Copy: C:\Python27\Lib\site-packages\robot\libdocpkg\consoleviewer.py
200 File Copy: C:\Python27\Lib\site-packages\robot\libdocpkg\htmlwriter.py
200 File Copy: C:\Python27\Lib\site-packages\robot\libdocpkg\javabuilder.py
200 File Copy: C:\Python27\Lib\site-packages\robot\libdocpkg\model.py
200 File Copy: C:\Python27\Lib\site-packages\robot\libdocpkg\output.py
200 File Copy: C:\Python27\Lib\site-packages\robot\libdocpkg\robotbuilder.py
200 File Copy: C:\Python27\Lib\site-packages\robot\libdocpkg\specbuilder.py
200 File Copy: C:\Python27\Lib\site-packages\robot\libdocpkg\writer.py
200 File Copy: C:\Python27\Lib\site-packages\robot\libdocpkg\xmlwriter.py
100 Made Dir: C:\Python27\Lib\site-packages\robot\libraries
200 File Copy: C:\Python27\Lib\site-packages\robot\libraries\__init__.py
200 File Copy: C:\Python27\Lib\site-packages\robot\libraries\BuiltIn.py
200 File Copy: C:\Python27\Lib\site-packages\robot\libraries\Collections.py
200 File Copy: C:\Python27\Lib\site-packages\robot\libraries\DeprecatedBuiltIn.py
200 File Copy: C:\Python27\Lib\site-packages\robot\libraries\DeprecatedOperatingSystem.py
200 File Copy: C:\Python27\Lib\site-packages\robot\libraries\Dialogs.py
200 File Copy: C:\Python27\Lib\site-packages\robot\libraries\dialogs_ipy.py
200 File Copy: C:\Python27\Lib\site-packages\robot\libraries\dialogs_jy.py
200 File Copy: C:\Python27\Lib\site-packages\robot\libraries\dialogs_py.py
200 File Copy: C:\Python27\Lib\site-packages\robot\libraries\Easter.py
200 File Copy: C:\Python27\Lib\site-packages\robot\libraries\OperatingSystem.py
200 File Copy: C:\Python27\Lib\site-packages\robot\libraries\Process.py
200 File Copy: C:\Python27\Lib\site-packages\robot\libraries\Remote.py
200 File Copy: C:\Python27\Lib\site-packages\robot\libraries\Reserved.py
200 File Copy: C:\Python27\Lib\site-packages\robot\libraries\Screenshot.py
200 File Copy: C:\Python27\Lib\site-packages\robot\libraries\String.py
200 File Copy: C:\Python27\Lib\site-packages\robot\libraries\Telnet.py
200 File Copy: C:\Python27\Lib\site-packages\robot\libraries\XML.py
100 Made Dir: C:\Python27\Lib\site-packages\robot\model
200 File Copy: C:\Python27\Lib\site-packages\robot\model\__init__.py
200 File Copy: C:\Python27\Lib\site-packages\robot\model\configurer.py
200 File Copy: C:\Python27\Lib\site-packages\robot\model\criticality.py
200 File Copy: C:\Python27\Lib\site-packages\robot\model\filter.py
200 File Copy: C:\Python27\Lib\site-packages\robot\model\imports.py
200 File Copy: C:\Python27\Lib\site-packages\robot\model\itemlist.py
200 File Copy: C:\Python27\Lib\site-packages\robot\model\keyword.py
200 File Copy: C:\Python27\Lib\site-packages\robot\model\message.py
200 File Copy: C:\Python27\Lib\site-packages\robot\model\metadata.py
200 File Copy: C:\Python27\Lib\site-packages\robot\model\modelobject.py
200 File Copy: C:\Python27\Lib\site-packages\robot\model\namepatterns.py
200 File Copy: C:\Python27\Lib\site-packages\robot\model\statistics.py
200 File Copy: C:\Python27\Lib\site-packages\robot\model\stats.py
200 File Copy: C:\Python27\Lib\site-packages\robot\model\suitestatistics.py
200 File Copy: C:\Python27\Lib\site-packages\robot\model\tags.py
200 File Copy: C:\Python27\Lib\site-packages\robot\model\tagsetter.py
200 File Copy: C:\Python27\Lib\site-packages\robot\model\tagstatistics.py
200 File Copy: C:\Python27\Lib\site-packages\robot\model\testcase.py
200 File Copy: C:\Python27\Lib\site-packages\robot\model\testsuite.py
200 File Copy: C:\Python27\Lib\site-packages\robot\model\totalstatistics.py
200 File Copy: C:\Python27\Lib\site-packages\robot\model\visitor.py
100 Made Dir: C:\Python27\Lib\site-packages\robot\output
200 File Copy: C:\Python27\Lib\site-packages\robot\output\__init__.py
200 File Copy: C:\Python27\Lib\site-packages\robot\output\debugfile.py
200 File Copy: C:\Python27\Lib\site-packages\robot\output\filelogger.py
200 File Copy: C:\Python27\Lib\site-packages\robot\output\highlighting.py
200 File Copy: C:\Python27\Lib\site-packages\robot\output\librarylogger.py
200 File Copy: C:\Python27\Lib\site-packages\robot\output\listeners.py
200 File Copy: C:\Python27\Lib\site-packages\robot\output\logger.py
200 File Copy: C:\Python27\Lib\site-packages\robot\output\loggerhelper.py
200 File Copy: C:\Python27\Lib\site-packages\robot\output\monitor.py
200 File Copy: C:\Python27\Lib\site-packages\robot\output\output.py
200 File Copy: C:\Python27\Lib\site-packages\robot\output\pyloggingconf.py
200 File Copy: C:\Python27\Lib\site-packages\robot\output\stdoutlogsplitter.py
200 File Copy: C:\Python27\Lib\site-packages\robot\output\xmllogger.py
100 Made Dir: C:\Python27\Lib\site-packages\robot\parsing
200 File Copy: C:\Python27\Lib\site-packages\robot\parsing\__init__.py
200 File Copy: C:\Python27\Lib\site-packages\robot\parsing\comments.py
200 File Copy: C:\Python27\Lib\site-packages\robot\parsing\datarow.py
200 File Copy: C:\Python27\Lib\site-packages\robot\parsing\htmlreader.py
200 File Copy: C:\Python27\Lib\site-packages\robot\parsing\model.py
200 File Copy: C:\Python27\Lib\site-packages\robot\parsing\populators.py
200 File Copy: C:\Python27\Lib\site-packages\robot\parsing\restreader.py
200 File Copy: C:\Python27\Lib\site-packages\robot\parsing\restsupport.py
200 File Copy: C:\Python27\Lib\site-packages\robot\parsing\settings.py
200 File Copy: C:\Python27\Lib\site-packages\robot\parsing\tablepopulators.py
200 File Copy: C:\Python27\Lib\site-packages\robot\parsing\tsvreader.py
200 File Copy: C:\Python27\Lib\site-packages\robot\parsing\txtreader.py
100 Made Dir: C:\Python27\Lib\site-packages\robot\reporting
200 File Copy: C:\Python27\Lib\site-packages\robot\reporting\__init__.py
200 File Copy: C:\Python27\Lib\site-packages\robot\reporting\jsbuildingcontext.py
200 File Copy: C:\Python27\Lib\site-packages\robot\reporting\jsexecutionresult.py
200 File Copy: C:\Python27\Lib\site-packages\robot\reporting\jsmodelbuilders.py
200 File Copy: C:\Python27\Lib\site-packages\robot\reporting\jswriter.py
200 File Copy: C:\Python27\Lib\site-packages\robot\reporting\logreportwriters.py
200 File Copy: C:\Python27\Lib\site-packages\robot\reporting\outputwriter.py
200 File Copy: C:\Python27\Lib\site-packages\robot\reporting\resultwriter.py
200 File Copy: C:\Python27\Lib\site-packages\robot\reporting\stringcache.py
200 File Copy: C:\Python27\Lib\site-packages\robot\reporting\xunitwriter.py
100 Made Dir: C:\Python27\Lib\site-packages\robot\result
200 File Copy: C:\Python27\Lib\site-packages\robot\result\__init__.py
200 File Copy: C:\Python27\Lib\site-packages\robot\result\configurer.py
200 File Copy: C:\Python27\Lib\site-packages\robot\result\executionerrors.py
200 File Copy: C:\Python27\Lib\site-packages\robot\result\executionresult.py
200 File Copy: C:\Python27\Lib\site-packages\robot\result\flattenkeywordmatcher.py
200 File Copy: C:\Python27\Lib\site-packages\robot\result\keyword.py
200 File Copy: C:\Python27\Lib\site-packages\robot\result\keywordremover.py
200 File Copy: C:\Python27\Lib\site-packages\robot\result\message.py
200 File Copy: C:\Python27\Lib\site-packages\robot\result\messagefilter.py
200 File Copy: C:\Python27\Lib\site-packages\robot\result\rerunmerger.py
200 File Copy: C:\Python27\Lib\site-packages\robot\result\resultbuilder.py
200 File Copy: C:\Python27\Lib\site-packages\robot\result\suiteteardownfailed.py
200 File Copy: C:\Python27\Lib\site-packages\robot\result\testcase.py
200 File Copy: C:\Python27\Lib\site-packages\robot\result\testsuite.py
200 File Copy: C:\Python27\Lib\site-packages\robot\result\visitor.py
200 File Copy: C:\Python27\Lib\site-packages\robot\result\xmlelementhandlers.py
100 Made Dir: C:\Python27\Lib\site-packages\robot\running
200 File Copy: C:\Python27\Lib\site-packages\robot\running\__init__.py
200 File Copy: C:\Python27\Lib\site-packages\robot\running\baselibrary.py
200 File Copy: C:\Python27\Lib\site-packages\robot\running\builder.py
200 File Copy: C:\Python27\Lib\site-packages\robot\running\context.py
200 File Copy: C:\Python27\Lib\site-packages\robot\running\defaults.py
200 File Copy: C:\Python27\Lib\site-packages\robot\running\dynamicmethods.py
200 File Copy: C:\Python27\Lib\site-packages\robot\running\handlers.py
200 File Copy: C:\Python27\Lib\site-packages\robot\running\importer.py
200 File Copy: C:\Python27\Lib\site-packages\robot\running\keywords.py
200 File Copy: C:\Python27\Lib\site-packages\robot\running\model.py
200 File Copy: C:\Python27\Lib\site-packages\robot\running\namespace.py
200 File Copy: C:\Python27\Lib\site-packages\robot\running\outputcapture.py
200 File Copy: C:\Python27\Lib\site-packages\robot\running\randomizer.py
200 File Copy: C:\Python27\Lib\site-packages\robot\running\runkwregister.py
200 File Copy: C:\Python27\Lib\site-packages\robot\running\runner.py
200 File Copy: C:\Python27\Lib\site-packages\robot\running\signalhandler.py
200 File Copy: C:\Python27\Lib\site-packages\robot\running\status.py
200 File Copy: C:\Python27\Lib\site-packages\robot\running\testlibraries.py
200 File Copy: C:\Python27\Lib\site-packages\robot\running\usererrorhandler.py
200 File Copy: C:\Python27\Lib\site-packages\robot\running\userkeyword.py
100 Made Dir: C:\Python27\Lib\site-packages\robot\running\arguments
200 File Copy: C:\Python27\Lib\site-packages\robot\running\arguments\__init__.py
200 File Copy: C:\Python27\Lib\site-packages\robot\running\arguments\argumentmapper.py
200 File Copy: C:\Python27\Lib\site-packages\robot\running\arguments\argumentparser.py
200 File Copy: C:\Python27\Lib\site-packages\robot\running\arguments\argumentresolver.py
200 File Copy: C:\Python27\Lib\site-packages\robot\running\arguments\argumentspec.py
200 File Copy: C:\Python27\Lib\site-packages\robot\running\arguments\argumentvalidator.py
200 File Copy: C:\Python27\Lib\site-packages\robot\running\arguments\javaargumentcoercer.py
100 Made Dir: C:\Python27\Lib\site-packages\robot\running\timeouts
200 File Copy: C:\Python27\Lib\site-packages\robot\running\timeouts\__init__.py
200 File Copy: C:\Python27\Lib\site-packages\robot\running\timeouts\stoppablethread.py
200 File Copy: C:\Python27\Lib\site-packages\robot\running\timeouts\timeoutsignaling.py
200 File Copy: C:\Python27\Lib\site-packages\robot\running\timeouts\timeoutthread.py
200 File Copy: C:\Python27\Lib\site-packages\robot\running\timeouts\timeoutwin.py
100 Made Dir: C:\Python27\Lib\site-packages\robot\utils
200 File Copy: C:\Python27\Lib\site-packages\robot\utils\__init__.py
200 File Copy: C:\Python27\Lib\site-packages\robot\utils\application.py
200 File Copy: C:\Python27\Lib\site-packages\robot\utils\argumentparser.py
200 File Copy: C:\Python27\Lib\site-packages\robot\utils\asserts.py
200 File Copy: C:\Python27\Lib\site-packages\robot\utils\charwidth.py
200 File Copy: C:\Python27\Lib\site-packages\robot\utils\compress.py
200 File Copy: C:\Python27\Lib\site-packages\robot\utils\connectioncache.py
200 File Copy: C:\Python27\Lib\site-packages\robot\utils\encoding.py
200 File Copy: C:\Python27\Lib\site-packages\robot\utils\encodingsniffer.py
200 File Copy: C:\Python27\Lib\site-packages\robot\utils\error.py
200 File Copy: C:\Python27\Lib\site-packages\robot\utils\escaping.py
200 File Copy: C:\Python27\Lib\site-packages\robot\utils\etreewrapper.py
200 File Copy: C:\Python27\Lib\site-packages\robot\utils\htmlformatters.py
200 File Copy: C:\Python27\Lib\site-packages\robot\utils\importer.py
200 File Copy: C:\Python27\Lib\site-packages\robot\utils\islike.py
200 File Copy: C:\Python27\Lib\site-packages\robot\utils\markuputils.py
200 File Copy: C:\Python27\Lib\site-packages\robot\utils\markupwriters.py
200 File Copy: C:\Python27\Lib\site-packages\robot\utils\match.py
200 File Copy: C:\Python27\Lib\site-packages\robot\utils\misc.py
200 File Copy: C:\Python27\Lib\site-packages\robot\utils\normalizing.py
200 File Copy: C:\Python27\Lib\site-packages\robot\utils\robotenv.py
200 File Copy: C:\Python27\Lib\site-packages\robot\utils\robotinspect.py
200 File Copy: C:\Python27\Lib\site-packages\robot\utils\robotpath.py
200 File Copy: C:\Python27\Lib\site-packages\robot\utils\robottime.py
200 File Copy: C:\Python27\Lib\site-packages\robot\utils\setter.py
200 File Copy: C:\Python27\Lib\site-packages\robot\utils\text.py
200 File Copy: C:\Python27\Lib\site-packages\robot\utils\unic.py
200 File Copy: C:\Python27\Lib\site-packages\robot\utils\utf8reader.py
100 Made Dir: C:\Python27\Lib\site-packages\robot\variables
200 File Copy: C:\Python27\Lib\site-packages\robot\variables\__init__.py
200 File Copy: C:\Python27\Lib\site-packages\robot\variables\isvar.py
200 File Copy: C:\Python27\Lib\site-packages\robot\variables\variableassigner.py
200 File Copy: C:\Python27\Lib\site-packages\robot\variables\variables.py
200 File Copy: C:\Python27\Lib\site-packages\robot\variables\variablesplitter.py
100 Made Dir: C:\Python27\Lib\site-packages\robot\writer
200 File Copy: C:\Python27\Lib\site-packages\robot\writer\__init__.py
200 File Copy: C:\Python27\Lib\site-packages\robot\writer\aligners.py
200 File Copy: C:\Python27\Lib\site-packages\robot\writer\dataextractor.py
200 File Copy: C:\Python27\Lib\site-packages\robot\writer\datafilewriter.py
200 File Copy: C:\Python27\Lib\site-packages\robot\writer\filewriters.py
200 File Copy: C:\Python27\Lib\site-packages\robot\writer\formatters.py
200 File Copy: C:\Python27\Lib\site-packages\robot\writer\htmlformatter.py
200 File Copy: C:\Python27\Lib\site-packages\robot\writer\htmltemplate.py
200 File Copy: C:\Python27\Lib\site-packages\robot\writer\rowsplitter.py
200 File Copy: C:\Python27\Scripts\pybot.bat
200 File Copy: C:\Python27\Scripts\rebot.bat
200 File Copy: C:\Python27\Scripts\robot_postinstall.py
200 File Copy: C:\Python27\Scripts\robot_postinstall.pyc
200 File Copy: C:\Python27\Lib\site-packages\robot\writer\rowsplitter.pyc
200 File Copy: C:\Python27\Lib\site-packages\robot\writer\htmltemplate.pyc
200 File Copy: C:\Python27\Lib\site-packages\robot\writer\htmlformatter.pyc
200 File Copy: C:\Python27\Lib\site-packages\robot\writer\formatters.pyc
200 File Copy: C:\Python27\Lib\site-packages\robot\writer\filewriters.pyc
200 File Copy: C:\Python27\Lib\site-packages\robot\writer\datafilewriter.pyc
200 File Copy: C:\Python27\Lib\site-packages\robot\writer\dataextractor.pyc
200 File Copy: C:\Python27\Lib\site-packages\robot\writer\aligners.pyc
200 File Copy: C:\Python27\Lib\site-packages\robot\writer\__init__.pyc
200 File Copy: C:\Python27\Lib\site-packages\robot\variables\variablesplitter.pyc
200 File Copy: C:\Python27\Lib\site-packages\robot\variables\variables.pyc
200 File Copy: C:\Python27\Lib\site-packages\robot\variables\variableassigner.pyc
200 File Copy: C:\Python27\Lib\site-packages\robot\variables\isvar.pyc
200 File Copy: C:\Python27\Lib\site-packages\robot\variables\__init__.pyc
200 File Copy: C:\Python27\Lib\site-packages\robot\utils\utf8reader.pyc
200 File Copy: C:\Python27\Lib\site-packages\robot\utils\unic.pyc
200 File Copy: C:\Python27\Lib\site-packages\robot\utils\text.pyc
200 File Copy: C:\Python27\Lib\site-packages\robot\utils\setter.pyc
200 File Copy: C:\Python27\Lib\site-packages\robot\utils\robottime.pyc
200 File Copy: C:\Python27\Lib\site-packages\robot\utils\robotpath.pyc
200 File Copy: C:\Python27\Lib\site-packages\robot\utils\robotinspect.pyc
200 File Copy: C:\Python27\Lib\site-packages\robot\utils\robotenv.pyc
200 File Copy: C:\Python27\Lib\site-packages\robot\utils\normalizing.pyc
200 File Copy: C:\Python27\Lib\site-packages\robot\utils\misc.pyc
200 File Copy: C:\Python27\Lib\site-packages\robot\utils\match.pyc
200 File Copy: C:\Python27\Lib\site-packages\robot\utils\markupwriters.pyc
200 File Copy: C:\Python27\Lib\site-packages\robot\utils\markuputils.pyc
200 File Copy: C:\Python27\Lib\site-packages\robot\utils\islike.pyc
200 File Copy: C:\Python27\Lib\site-packages\robot\utils\importer.pyc
200 File Copy: C:\Python27\Lib\site-packages\robot\utils\htmlformatters.pyc
200 File Copy: C:\Python27\Lib\site-packages\robot\utils\etreewrapper.pyc
200 File Copy: C:\Python27\Lib\site-packages\robot\utils\escaping.pyc
200 File Copy: C:\Python27\Lib\site-packages\robot\utils\error.pyc
200 File Copy: C:\Python27\Lib\site-packages\robot\utils\encodingsniffer.pyc
200 File Copy: C:\Python27\Lib\site-packages\robot\utils\encoding.pyc
200 File Copy: C:\Python27\Lib\site-packages\robot\utils\connectioncache.pyc
200 File Copy: C:\Python27\Lib\site-packages\robot\utils\compress.pyc
200 File Copy: C:\Python27\Lib\site-packages\robot\utils\charwidth.pyc
200 File Copy: C:\Python27\Lib\site-packages\robot\utils\asserts.pyc
200 File Copy: C:\Python27\Lib\site-packages\robot\utils\argumentparser.pyc
200 File Copy: C:\Python27\Lib\site-packages\robot\utils\application.pyc
200 File Copy: C:\Python27\Lib\site-packages\robot\utils\__init__.pyc
200 File Copy: C:\Python27\Lib\site-packages\robot\running\timeouts\timeoutwin.pyc
200 File Copy: C:\Python27\Lib\site-packages\robot\running\timeouts\timeoutthread.pyc
200 File Copy: C:\Python27\Lib\site-packages\robot\running\timeouts\timeoutsignaling.pyc
200 File Copy: C:\Python27\Lib\site-packages\robot\running\timeouts\stoppablethread.pyc
200 File Copy: C:\Python27\Lib\site-packages\robot\running\timeouts\__init__.pyc
200 File Copy: C:\Python27\Lib\site-packages\robot\running\arguments\javaargumentcoercer.pyc
200 File Copy: C:\Python27\Lib\site-packages\robot\running\arguments\argumentvalidator.pyc
200 File Copy: C:\Python27\Lib\site-packages\robot\running\arguments\argumentspec.pyc
200 File Copy: C:\Python27\Lib\site-packages\robot\running\arguments\argumentresolver.pyc
200 File Copy: C:\Python27\Lib\site-packages\robot\running\arguments\argumentparser.pyc
200 File Copy: C:\Python27\Lib\site-packages\robot\running\arguments\argumentmapper.pyc
200 File Copy: C:\Python27\Lib\site-packages\robot\running\arguments\__init__.pyc
200 File Copy: C:\Python27\Lib\site-packages\robot\running\userkeyword.pyc
200 File Copy: C:\Python27\Lib\site-packages\robot\running\usererrorhandler.pyc
200 File Copy: C:\Python27\Lib\site-packages\robot\running\testlibraries.pyc
200 File Copy: C:\Python27\Lib\site-packages\robot\running\status.pyc
200 File Copy: C:\Python27\Lib\site-packages\robot\running\signalhandler.pyc
200 File Copy: C:\Python27\Lib\site-packages\robot\running\runner.pyc
200 File Copy: C:\Python27\Lib\site-packages\robot\running\runkwregister.pyc
200 File Copy: C:\Python27\Lib\site-packages\robot\running\randomizer.pyc
200 File Copy: C:\Python27\Lib\site-packages\robot\running\outputcapture.pyc
200 File Copy: C:\Python27\Lib\site-packages\robot\running\namespace.pyc
200 File Copy: C:\Python27\Lib\site-packages\robot\running\model.pyc
200 File Copy: C:\Python27\Lib\site-packages\robot\running\keywords.pyc
200 File Copy: C:\Python27\Lib\site-packages\robot\running\importer.pyc
200 File Copy: C:\Python27\Lib\site-packages\robot\running\handlers.pyc
200 File Copy: C:\Python27\Lib\site-packages\robot\running\dynamicmethods.pyc
200 File Copy: C:\Python27\Lib\site-packages\robot\running\defaults.pyc
200 File Copy: C:\Python27\Lib\site-packages\robot\running\context.pyc
200 File Copy: C:\Python27\Lib\site-packages\robot\running\builder.pyc
200 File Copy: C:\Python27\Lib\site-packages\robot\running\baselibrary.pyc
200 File Copy: C:\Python27\Lib\site-packages\robot\running\__init__.pyc
200 File Copy: C:\Python27\Lib\site-packages\robot\result\xmlelementhandlers.pyc
200 File Copy: C:\Python27\Lib\site-packages\robot\result\visitor.pyc
200 File Copy: C:\Python27\Lib\site-packages\robot\result\testsuite.pyc
200 File Copy: C:\Python27\Lib\site-packages\robot\result\testcase.pyc
200 File Copy: C:\Python27\Lib\site-packages\robot\result\suiteteardownfailed.pyc
200 File Copy: C:\Python27\Lib\site-packages\robot\result\resultbuilder.pyc
200 File Copy: C:\Python27\Lib\site-packages\robot\result\rerunmerger.pyc
200 File Copy: C:\Python27\Lib\site-packages\robot\result\messagefilter.pyc
200 File Copy: C:\Python27\Lib\site-packages\robot\result\message.pyc
200 File Copy: C:\Python27\Lib\site-packages\robot\result\keywordremover.pyc
200 File Copy: C:\Python27\Lib\site-packages\robot\result\keyword.pyc
200 File Copy: C:\Python27\Lib\site-packages\robot\result\flattenkeywordmatcher.pyc
200 File Copy: C:\Python27\Lib\site-packages\robot\result\executionresult.pyc
200 File Copy: C:\Python27\Lib\site-packages\robot\result\executionerrors.pyc
200 File Copy: C:\Python27\Lib\site-packages\robot\result\configurer.pyc
200 File Copy: C:\Python27\Lib\site-packages\robot\result\__init__.pyc
200 File Copy: C:\Python27\Lib\site-packages\robot\reporting\xunitwriter.pyc
200 File Copy: C:\Python27\Lib\site-packages\robot\reporting\stringcache.pyc
200 File Copy: C:\Python27\Lib\site-packages\robot\reporting\resultwriter.pyc
200 File Copy: C:\Python27\Lib\site-packages\robot\reporting\outputwriter.pyc
200 File Copy: C:\Python27\Lib\site-packages\robot\reporting\logreportwriters.pyc
200 File Copy: C:\Python27\Lib\site-packages\robot\reporting\jswriter.pyc
200 File Copy: C:\Python27\Lib\site-packages\robot\reporting\jsmodelbuilders.pyc
200 File Copy: C:\Python27\Lib\site-packages\robot\reporting\jsexecutionresult.pyc
200 File Copy: C:\Python27\Lib\site-packages\robot\reporting\jsbuildingcontext.pyc
200 File Copy: C:\Python27\Lib\site-packages\robot\reporting\__init__.pyc
200 File Copy: C:\Python27\Lib\site-packages\robot\parsing\txtreader.pyc
200 File Copy: C:\Python27\Lib\site-packages\robot\parsing\tsvreader.pyc
200 File Copy: C:\Python27\Lib\site-packages\robot\parsing\tablepopulators.pyc
200 File Copy: C:\Python27\Lib\site-packages\robot\parsing\settings.pyc
200 File Copy: C:\Python27\Lib\site-packages\robot\parsing\restsupport.pyc
200 File Copy: C:\Python27\Lib\site-packages\robot\parsing\restreader.pyc
200 File Copy: C:\Python27\Lib\site-packages\robot\parsing\populators.pyc
200 File Copy: C:\Python27\Lib\site-packages\robot\parsing\model.pyc
200 File Copy: C:\Python27\Lib\site-packages\robot\parsing\htmlreader.pyc
200 File Copy: C:\Python27\Lib\site-packages\robot\parsing\datarow.pyc
200 File Copy: C:\Python27\Lib\site-packages\robot\parsing\comments.pyc
200 File Copy: C:\Python27\Lib\site-packages\robot\parsing\__init__.pyc
200 File Copy: C:\Python27\Lib\site-packages\robot\output\xmllogger.pyc
200 File Copy: C:\Python27\Lib\site-packages\robot\output\stdoutlogsplitter.pyc
200 File Copy: C:\Python27\Lib\site-packages\robot\output\pyloggingconf.pyc
200 File Copy: C:\Python27\Lib\site-packages\robot\output\output.pyc
200 File Copy: C:\Python27\Lib\site-packages\robot\output\monitor.pyc
200 File Copy: C:\Python27\Lib\site-packages\robot\output\loggerhelper.pyc
200 File Copy: C:\Python27\Lib\site-packages\robot\output\logger.pyc
200 File Copy: C:\Python27\Lib\site-packages\robot\output\listeners.pyc
200 File Copy: C:\Python27\Lib\site-packages\robot\output\librarylogger.pyc
200 File Copy: C:\Python27\Lib\site-packages\robot\output\highlighting.pyc
200 File Copy: C:\Python27\Lib\site-packages\robot\output\filelogger.pyc
200 File Copy: C:\Python27\Lib\site-packages\robot\output\debugfile.pyc
200 File Copy: C:\Python27\Lib\site-packages\robot\output\__init__.pyc
200 File Copy: C:\Python27\Lib\site-packages\robot\model\visitor.pyc
200 File Copy: C:\Python27\Lib\site-packages\robot\model\totalstatistics.pyc
200 File Copy: C:\Python27\Lib\site-packages\robot\model\testsuite.pyc
200 File Copy: C:\Python27\Lib\site-packages\robot\model\testcase.pyc
200 File Copy: C:\Python27\Lib\site-packages\robot\model\tagstatistics.pyc
200 File Copy: C:\Python27\Lib\site-packages\robot\model\tagsetter.pyc
200 File Copy: C:\Python27\Lib\site-packages\robot\model\tags.pyc
200 File Copy: C:\Python27\Lib\site-packages\robot\model\suitestatistics.pyc
200 File Copy: C:\Python27\Lib\site-packages\robot\model\stats.pyc
200 File Copy: C:\Python27\Lib\site-packages\robot\model\statistics.pyc
200 File Copy: C:\Python27\Lib\site-packages\robot\model\namepatterns.pyc
200 File Copy: C:\Python27\Lib\site-packages\robot\model\modelobject.pyc
200 File Copy: C:\Python27\Lib\site-packages\robot\model\metadata.pyc
200 File Copy: C:\Python27\Lib\site-packages\robot\model\message.pyc
200 File Copy: C:\Python27\Lib\site-packages\robot\model\keyword.pyc
200 File Copy: C:\Python27\Lib\site-packages\robot\model\itemlist.pyc
200 File Copy: C:\Python27\Lib\site-packages\robot\model\imports.pyc
200 File Copy: C:\Python27\Lib\site-packages\robot\model\filter.pyc
200 File Copy: C:\Python27\Lib\site-packages\robot\model\criticality.pyc
200 File Copy: C:\Python27\Lib\site-packages\robot\model\configurer.pyc
200 File Copy: C:\Python27\Lib\site-packages\robot\model\__init__.pyc
200 File Copy: C:\Python27\Lib\site-packages\robot\libraries\XML.pyc
200 File Copy: C:\Python27\Lib\site-packages\robot\libraries\Telnet.pyc
200 File Copy: C:\Python27\Lib\site-packages\robot\libraries\String.pyc
200 File Copy: C:\Python27\Lib\site-packages\robot\libraries\Screenshot.pyc
200 File Copy: C:\Python27\Lib\site-packages\robot\libraries\Reserved.pyc
200 File Copy: C:\Python27\Lib\site-packages\robot\libraries\Remote.pyc
200 File Copy: C:\Python27\Lib\site-packages\robot\libraries\Process.pyc
200 File Copy: C:\Python27\Lib\site-packages\robot\libraries\OperatingSystem.pyc
200 File Copy: C:\Python27\Lib\site-packages\robot\libraries\Easter.pyc
200 File Copy: C:\Python27\Lib\site-packages\robot\libraries\dialogs_py.pyc
200 File Copy: C:\Python27\Lib\site-packages\robot\libraries\dialogs_jy.pyc
200 File Copy: C:\Python27\Lib\site-packages\robot\libraries\dialogs_ipy.pyc
200 File Copy: C:\Python27\Lib\site-packages\robot\libraries\Dialogs.pyc
200 File Copy: C:\Python27\Lib\site-packages\robot\libraries\DeprecatedOperatingSystem.pyc
200 File Copy: C:\Python27\Lib\site-packages\robot\libraries\DeprecatedBuiltIn.pyc
200 File Copy: C:\Python27\Lib\site-packages\robot\libraries\Collections.pyc
200 File Copy: C:\Python27\Lib\site-packages\robot\libraries\BuiltIn.pyc
200 File Copy: C:\Python27\Lib\site-packages\robot\libraries\__init__.pyc
200 File Copy: C:\Python27\Lib\site-packages\robot\libdocpkg\xmlwriter.pyc
200 File Copy: C:\Python27\Lib\site-packages\robot\libdocpkg\writer.pyc
200 File Copy: C:\Python27\Lib\site-packages\robot\libdocpkg\specbuilder.pyc
200 File Copy: C:\Python27\Lib\site-packages\robot\libdocpkg\robotbuilder.pyc
200 File Copy: C:\Python27\Lib\site-packages\robot\libdocpkg\output.pyc
200 File Copy: C:\Python27\Lib\site-packages\robot\libdocpkg\model.pyc
200 File Copy: C:\Python27\Lib\site-packages\robot\libdocpkg\javabuilder.pyc
200 File Copy: C:\Python27\Lib\site-packages\robot\libdocpkg\htmlwriter.pyc
200 File Copy: C:\Python27\Lib\site-packages\robot\libdocpkg\consoleviewer.pyc
200 File Copy: C:\Python27\Lib\site-packages\robot\libdocpkg\builder.pyc
200 File Copy: C:\Python27\Lib\site-packages\robot\libdocpkg\__init__.pyc
200 File Copy: C:\Python27\Lib\site-packages\robot\htmldata\template.pyc
200 File Copy: C:\Python27\Lib\site-packages\robot\htmldata\normaltemplate.pyc
200 File Copy: C:\Python27\Lib\site-packages\robot\htmldata\jsonwriter.pyc
200 File Copy: C:\Python27\Lib\site-packages\robot\htmldata\jartemplate.pyc
200 File Copy: C:\Python27\Lib\site-packages\robot\htmldata\htmlfilewriter.pyc
200 File Copy: C:\Python27\Lib\site-packages\robot\htmldata\__init__.pyc
200 File Copy: C:\Python27\Lib\site-packages\robot\conf\settings.pyc
200 File Copy: C:\Python27\Lib\site-packages\robot\conf\gatherfailed.pyc
200 File Copy: C:\Python27\Lib\site-packages\robot\conf\__init__.pyc
200 File Copy: C:\Python27\Lib\site-packages\robot\api\logger.pyc
200 File Copy: C:\Python27\Lib\site-packages\robot\api\__init__.pyc
200 File Copy: C:\Python27\Lib\site-packages\robot\version.pyc
200 File Copy: C:\Python27\Lib\site-packages\robot\tidy.pyc
200 File Copy: C:\Python27\Lib\site-packages\robot\testdoc.pyc
200 File Copy: C:\Python27\Lib\site-packages\robot\run.pyc
200 File Copy: C:\Python27\Lib\site-packages\robot\rebot.pyc
200 File Copy: C:\Python27\Lib\site-packages\robot\pythonpathsetter.pyc
200 File Copy: C:\Python27\Lib\site-packages\robot\libdoc.pyc
200 File Copy: C:\Python27\Lib\site-packages\robot\jythonworkarounds.pyc
200 File Copy: C:\Python27\Lib\site-packages\robot\jarrunner.pyc
200 File Copy: C:\Python27\Lib\site-packages\robot\errors.pyc
200 File Copy: C:\Python27\Lib\site-packages\robot\__init__.pyc
200 File Copy: C:\Python27\Scripts\robot_postinstall.pyo
200 File Copy: C:\Python27\Lib\site-packages\robot\writer\rowsplitter.pyo
200 File Copy: C:\Python27\Lib\site-packages\robot\writer\htmltemplate.pyo
200 File Copy: C:\Python27\Lib\site-packages\robot\writer\htmlformatter.pyo
200 File Copy: C:\Python27\Lib\site-packages\robot\writer\formatters.pyo
200 File Copy: C:\Python27\Lib\site-packages\robot\writer\filewriters.pyo
200 File Copy: C:\Python27\Lib\site-packages\robot\writer\datafilewriter.pyo
200 File Copy: C:\Python27\Lib\site-packages\robot\writer\dataextractor.pyo
200 File Copy: C:\Python27\Lib\site-packages\robot\writer\aligners.pyo
200 File Copy: C:\Python27\Lib\site-packages\robot\writer\__init__.pyo
200 File Copy: C:\Python27\Lib\site-packages\robot\variables\variablesplitter.pyo
200 File Copy: C:\Python27\Lib\site-packages\robot\variables\variables.pyo
200 File Copy: C:\Python27\Lib\site-packages\robot\variables\variableassigner.pyo
200 File Copy: C:\Python27\Lib\site-packages\robot\variables\isvar.pyo
200 File Copy: C:\Python27\Lib\site-packages\robot\variables\__init__.pyo
200 File Copy: C:\Python27\Lib\site-packages\robot\utils\utf8reader.pyo
200 File Copy: C:\Python27\Lib\site-packages\robot\utils\unic.pyo
200 File Copy: C:\Python27\Lib\site-packages\robot\utils\text.pyo
200 File Copy: C:\Python27\Lib\site-packages\robot\utils\setter.pyo
200 File Copy: C:\Python27\Lib\site-packages\robot\utils\robottime.pyo
200 File Copy: C:\Python27\Lib\site-packages\robot\utils\robotpath.pyo
200 File Copy: C:\Python27\Lib\site-packages\robot\utils\robotinspect.pyo
200 File Copy: C:\Python27\Lib\site-packages\robot\utils\robotenv.pyo
200 File Copy: C:\Python27\Lib\site-packages\robot\utils\normalizing.pyo
200 File Copy: C:\Python27\Lib\site-packages\robot\utils\misc.pyo
200 File Copy: C:\Python27\Lib\site-packages\robot\utils\match.pyo
200 File Copy: C:\Python27\Lib\site-packages\robot\utils\markupwriters.pyo
200 File Copy: C:\Python27\Lib\site-packages\robot\utils\markuputils.pyo
200 File Copy: C:\Python27\Lib\site-packages\robot\utils\islike.pyo
200 File Copy: C:\Python27\Lib\site-packages\robot\utils\importer.pyo
200 File Copy: C:\Python27\Lib\site-packages\robot\utils\htmlformatters.pyo
200 File Copy: C:\Python27\Lib\site-packages\robot\utils\etreewrapper.pyo
200 File Copy: C:\Python27\Lib\site-packages\robot\utils\escaping.pyo
200 File Copy: C:\Python27\Lib\site-packages\robot\utils\error.pyo
200 File Copy: C:\Python27\Lib\site-packages\robot\utils\encodingsniffer.pyo
200 File Copy: C:\Python27\Lib\site-packages\robot\utils\encoding.pyo
200 File Copy: C:\Python27\Lib\site-packages\robot\utils\connectioncache.pyo
200 File Copy: C:\Python27\Lib\site-packages\robot\utils\compress.pyo
200 File Copy: C:\Python27\Lib\site-packages\robot\utils\charwidth.pyo
200 File Copy: C:\Python27\Lib\site-packages\robot\utils\asserts.pyo
200 File Copy: C:\Python27\Lib\site-packages\robot\utils\argumentparser.pyo
200 File Copy: C:\Python27\Lib\site-packages\robot\utils\application.pyo
200 File Copy: C:\Python27\Lib\site-packages\robot\utils\__init__.pyo
200 File Copy: C:\Python27\Lib\site-packages\robot\running\timeouts\timeoutwin.pyo
200 File Copy: C:\Python27\Lib\site-packages\robot\running\timeouts\timeoutthread.pyo
200 File Copy: C:\Python27\Lib\site-packages\robot\running\timeouts\timeoutsignaling.pyo
200 File Copy: C:\Python27\Lib\site-packages\robot\running\timeouts\stoppablethread.pyo
200 File Copy: C:\Python27\Lib\site-packages\robot\running\timeouts\__init__.pyo
200 File Copy: C:\Python27\Lib\site-packages\robot\running\arguments\javaargumentcoercer.pyo
200 File Copy: C:\Python27\Lib\site-packages\robot\running\arguments\argumentvalidator.pyo
200 File Copy: C:\Python27\Lib\site-packages\robot\running\arguments\argumentspec.pyo
200 File Copy: C:\Python27\Lib\site-packages\robot\running\arguments\argumentresolver.pyo
200 File Copy: C:\Python27\Lib\site-packages\robot\running\arguments\argumentparser.pyo
200 File Copy: C:\Python27\Lib\site-packages\robot\running\arguments\argumentmapper.pyo
200 File Copy: C:\Python27\Lib\site-packages\robot\running\arguments\__init__.pyo
200 File Copy: C:\Python27\Lib\site-packages\robot\running\userkeyword.pyo
200 File Copy: C:\Python27\Lib\site-packages\robot\running\usererrorhandler.pyo
200 File Copy: C:\Python27\Lib\site-packages\robot\running\testlibraries.pyo
200 File Copy: C:\Python27\Lib\site-packages\robot\running\status.pyo
200 File Copy: C:\Python27\Lib\site-packages\robot\running\signalhandler.pyo
200 File Copy: C:\Python27\Lib\site-packages\robot\running\runner.pyo
200 File Copy: C:\Python27\Lib\site-packages\robot\running\runkwregister.pyo
200 File Copy: C:\Python27\Lib\site-packages\robot\running\randomizer.pyo
200 File Copy: C:\Python27\Lib\site-packages\robot\running\outputcapture.pyo
200 File Copy: C:\Python27\Lib\site-packages\robot\running\namespace.pyo
200 File Copy: C:\Python27\Lib\site-packages\robot\running\model.pyo
200 File Copy: C:\Python27\Lib\site-packages\robot\running\keywords.pyo
200 File Copy: C:\Python27\Lib\site-packages\robot\running\importer.pyo
200 File Copy: C:\Python27\Lib\site-packages\robot\running\handlers.pyo
200 File Copy: C:\Python27\Lib\site-packages\robot\running\dynamicmethods.pyo
200 File Copy: C:\Python27\Lib\site-packages\robot\running\defaults.pyo
200 File Copy: C:\Python27\Lib\site-packages\robot\running\context.pyo
200 File Copy: C:\Python27\Lib\site-packages\robot\running\builder.pyo
200 File Copy: C:\Python27\Lib\site-packages\robot\running\baselibrary.pyo
200 File Copy: C:\Python27\Lib\site-packages\robot\running\__init__.pyo
200 File Copy: C:\Python27\Lib\site-packages\robot\result\xmlelementhandlers.pyo
200 File Copy: C:\Python27\Lib\site-packages\robot\result\visitor.pyo
200 File Copy: C:\Python27\Lib\site-packages\robot\result\testsuite.pyo
200 File Copy: C:\Python27\Lib\site-packages\robot\result\testcase.pyo
200 File Copy: C:\Python27\Lib\site-packages\robot\result\suiteteardownfailed.pyo
200 File Copy: C:\Python27\Lib\site-packages\robot\result\resultbuilder.pyo
200 File Copy: C:\Python27\Lib\site-packages\robot\result\rerunmerger.pyo
200 File Copy: C:\Python27\Lib\site-packages\robot\result\messagefilter.pyo
200 File Copy: C:\Python27\Lib\site-packages\robot\result\message.pyo
200 File Copy: C:\Python27\Lib\site-packages\robot\result\keywordremover.pyo
200 File Copy: C:\Python27\Lib\site-packages\robot\result\keyword.pyo
200 File Copy: C:\Python27\Lib\site-packages\robot\result\flattenkeywordmatcher.pyo
200 File Copy: C:\Python27\Lib\site-packages\robot\result\executionresult.pyo
200 File Copy: C:\Python27\Lib\site-packages\robot\result\executionerrors.pyo
200 File Copy: C:\Python27\Lib\site-packages\robot\result\configurer.pyo
200 File Copy: C:\Python27\Lib\site-packages\robot\result\__init__.pyo
200 File Copy: C:\Python27\Lib\site-packages\robot\reporting\xunitwriter.pyo
200 File Copy: C:\Python27\Lib\site-packages\robot\reporting\stringcache.pyo
200 File Copy: C:\Python27\Lib\site-packages\robot\reporting\resultwriter.pyo
200 File Copy: C:\Python27\Lib\site-packages\robot\reporting\outputwriter.pyo
200 File Copy: C:\Python27\Lib\site-packages\robot\reporting\logreportwriters.pyo
200 File Copy: C:\Python27\Lib\site-packages\robot\reporting\jswriter.pyo
200 File Copy: C:\Python27\Lib\site-packages\robot\reporting\jsmodelbuilders.pyo
200 File Copy: C:\Python27\Lib\site-packages\robot\reporting\jsexecutionresult.pyo
200 File Copy: C:\Python27\Lib\site-packages\robot\reporting\jsbuildingcontext.pyo
200 File Copy: C:\Python27\Lib\site-packages\robot\reporting\__init__.pyo
200 File Copy: C:\Python27\Lib\site-packages\robot\parsing\txtreader.pyo
200 File Copy: C:\Python27\Lib\site-packages\robot\parsing\tsvreader.pyo
200 File Copy: C:\Python27\Lib\site-packages\robot\parsing\tablepopulators.pyo
200 File Copy: C:\Python27\Lib\site-packages\robot\parsing\settings.pyo
200 File Copy: C:\Python27\Lib\site-packages\robot\parsing\restsupport.pyo
200 File Copy: C:\Python27\Lib\site-packages\robot\parsing\restreader.pyo
200 File Copy: C:\Python27\Lib\site-packages\robot\parsing\populators.pyo
200 File Copy: C:\Python27\Lib\site-packages\robot\parsing\model.pyo
200 File Copy: C:\Python27\Lib\site-packages\robot\parsing\htmlreader.pyo
200 File Copy: C:\Python27\Lib\site-packages\robot\parsing\datarow.pyo
200 File Copy: C:\Python27\Lib\site-packages\robot\parsing\comments.pyo
200 File Copy: C:\Python27\Lib\site-packages\robot\parsing\__init__.pyo
200 File Copy: C:\Python27\Lib\site-packages\robot\output\xmllogger.pyo
200 File Copy: C:\Python27\Lib\site-packages\robot\output\stdoutlogsplitter.pyo
200 File Copy: C:\Python27\Lib\site-packages\robot\output\pyloggingconf.pyo
200 File Copy: C:\Python27\Lib\site-packages\robot\output\output.pyo
200 File Copy: C:\Python27\Lib\site-packages\robot\output\monitor.pyo
200 File Copy: C:\Python27\Lib\site-packages\robot\output\loggerhelper.pyo
200 File Copy: C:\Python27\Lib\site-packages\robot\output\logger.pyo
200 File Copy: C:\Python27\Lib\site-packages\robot\output\listeners.pyo
200 File Copy: C:\Python27\Lib\site-packages\robot\output\librarylogger.pyo
200 File Copy: C:\Python27\Lib\site-packages\robot\output\highlighting.pyo
200 File Copy: C:\Python27\Lib\site-packages\robot\output\filelogger.pyo
200 File Copy: C:\Python27\Lib\site-packages\robot\output\debugfile.pyo
200 File Copy: C:\Python27\Lib\site-packages\robot\output\__init__.pyo
200 File Copy: C:\Python27\Lib\site-packages\robot\model\visitor.pyo
200 File Copy: C:\Python27\Lib\site-packages\robot\model\totalstatistics.pyo
200 File Copy: C:\Python27\Lib\site-packages\robot\model\testsuite.pyo
200 File Copy: C:\Python27\Lib\site-packages\robot\model\testcase.pyo
200 File Copy: C:\Python27\Lib\site-packages\robot\model\tagstatistics.pyo
200 File Copy: C:\Python27\Lib\site-packages\robot\model\tagsetter.pyo
200 File Copy: C:\Python27\Lib\site-packages\robot\model\tags.pyo
200 File Copy: C:\Python27\Lib\site-packages\robot\model\suitestatistics.pyo
200 File Copy: C:\Python27\Lib\site-packages\robot\model\stats.pyo
200 File Copy: C:\Python27\Lib\site-packages\robot\model\statistics.pyo
200 File Copy: C:\Python27\Lib\site-packages\robot\model\namepatterns.pyo
200 File Copy: C:\Python27\Lib\site-packages\robot\model\modelobject.pyo
200 File Copy: C:\Python27\Lib\site-packages\robot\model\metadata.pyo
200 File Copy: C:\Python27\Lib\site-packages\robot\model\message.pyo
200 File Copy: C:\Python27\Lib\site-packages\robot\model\keyword.pyo
200 File Copy: C:\Python27\Lib\site-packages\robot\model\itemlist.pyo
200 File Copy: C:\Python27\Lib\site-packages\robot\model\imports.pyo
200 File Copy: C:\Python27\Lib\site-packages\robot\model\filter.pyo
200 File Copy: C:\Python27\Lib\site-packages\robot\model\criticality.pyo
200 File Copy: C:\Python27\Lib\site-packages\robot\model\configurer.pyo
200 File Copy: C:\Python27\Lib\site-packages\robot\model\__init__.pyo
200 File Copy: C:\Python27\Lib\site-packages\robot\libraries\XML.pyo
200 File Copy: C:\Python27\Lib\site-packages\robot\libraries\Telnet.pyo
200 File Copy: C:\Python27\Lib\site-packages\robot\libraries\String.pyo
200 File Copy: C:\Python27\Lib\site-packages\robot\libraries\Screenshot.pyo
200 File Copy: C:\Python27\Lib\site-packages\robot\libraries\Reserved.pyo
200 File Copy: C:\Python27\Lib\site-packages\robot\libraries\Remote.pyo
200 File Copy: C:\Python27\Lib\site-packages\robot\libraries\Process.pyo
200 File Copy: C:\Python27\Lib\site-packages\robot\libraries\OperatingSystem.pyo
200 File Copy: C:\Python27\Lib\site-packages\robot\libraries\Easter.pyo
200 File Copy: C:\Python27\Lib\site-packages\robot\libraries\dialogs_py.pyo
200 File Copy: C:\Python27\Lib\site-packages\robot\libraries\dialogs_jy.pyo
200 File Copy: C:\Python27\Lib\site-packages\robot\libraries\dialogs_ipy.pyo
200 File Copy: C:\Python27\Lib\site-packages\robot\libraries\Dialogs.pyo
200 File Copy: C:\Python27\Lib\site-packages\robot\libraries\DeprecatedOperatingSystem.pyo
200 File Copy: C:\Python27\Lib\site-packages\robot\libraries\DeprecatedBuiltIn.pyo
200 File Copy: C:\Python27\Lib\site-packages\robot\libraries\Collections.pyo
200 File Copy: C:\Python27\Lib\site-packages\robot\libraries\BuiltIn.pyo
200 File Copy: C:\Python27\Lib\site-packages\robot\libraries\__init__.pyo
200 File Copy: C:\Python27\Lib\site-packages\robot\libdocpkg\xmlwriter.pyo
200 File Copy: C:\Python27\Lib\site-packages\robot\libdocpkg\writer.pyo
200 File Copy: C:\Python27\Lib\site-packages\robot\libdocpkg\specbuilder.pyo
200 File Copy: C:\Python27\Lib\site-packages\robot\libdocpkg\robotbuilder.pyo
200 File Copy: C:\Python27\Lib\site-packages\robot\libdocpkg\output.pyo
200 File Copy: C:\Python27\Lib\site-packages\robot\libdocpkg\model.pyo
200 File Copy: C:\Python27\Lib\site-packages\robot\libdocpkg\javabuilder.pyo
200 File Copy: C:\Python27\Lib\site-packages\robot\libdocpkg\htmlwriter.pyo
200 File Copy: C:\Python27\Lib\site-packages\robot\libdocpkg\consoleviewer.pyo
200 File Copy: C:\Python27\Lib\site-packages\robot\libdocpkg\builder.pyo
200 File Copy: C:\Python27\Lib\site-packages\robot\libdocpkg\__init__.pyo
200 File Copy: C:\Python27\Lib\site-packages\robot\htmldata\template.pyo
200 File Copy: C:\Python27\Lib\site-packages\robot\htmldata\normaltemplate.pyo
200 File Copy: C:\Python27\Lib\site-packages\robot\htmldata\jsonwriter.pyo
200 File Copy: C:\Python27\Lib\site-packages\robot\htmldata\jartemplate.pyo
200 File Copy: C:\Python27\Lib\site-packages\robot\htmldata\htmlfilewriter.pyo
200 File Copy: C:\Python27\Lib\site-packages\robot\htmldata\__init__.pyo
200 File Copy: C:\Python27\Lib\site-packages\robot\conf\settings.pyo
200 File Copy: C:\Python27\Lib\site-packages\robot\conf\gatherfailed.pyo
200 File Copy: C:\Python27\Lib\site-packages\robot\conf\__init__.pyo
200 File Copy: C:\Python27\Lib\site-packages\robot\api\logger.pyo
200 File Copy: C:\Python27\Lib\site-packages\robot\api\__init__.pyo
200 File Copy: C:\Python27\Lib\site-packages\robot\version.pyo
200 File Copy: C:\Python27\Lib\site-packages\robot\tidy.pyo
200 File Copy: C:\Python27\Lib\site-packages\robot\testdoc.pyo
200 File Copy: C:\Python27\Lib\site-packages\robot\run.pyo
200 File Copy: C:\Python27\Lib\site-packages\robot\rebot.pyo
200 File Copy: C:\Python27\Lib\site-packages\robot\pythonpathsetter.pyo
200 File Copy: C:\Python27\Lib\site-packages\robot\libdoc.pyo
200 File Copy: C:\Python27\Lib\site-packages\robot\jythonworkarounds.pyo
200 File Copy: C:\Python27\Lib\site-packages\robot\jarrunner.pyo
200 File Copy: C:\Python27\Lib\site-packages\robot\errors.pyo
200 File Copy: C:\Python27\Lib\site-packages\robot\__init__.pyo
300 Run Script: [python27.dll]C:\Python27\Scripts\robot_postinstall.py
200 File Copy: C:\Python27\Scripts\jybot.bat
200 File Copy: C:\Python27\Scripts\ipybot.bat
*** Installation finished 2014/03/31 16:36 ***
